#
# There is insufficient memory for the Java Runtime Environment to continue.
# Native memory allocation (malloc) failed to allocate 32744 bytes for ChunkPool::allocate
# Possible reasons:
#   The system is out of physical RAM or swap space
#   The process is running with CompressedOops enabled, and the Java Heap may be blocking the growth of the native heap
# Possible solutions:
#   Reduce memory load on the system
#   Increase physical memory or swap space
#   Check if swap backing store is full
#   Decrease Java heap size (-Xmx/-Xms)
#   Decrease number of Java threads
#   Decrease Java thread stack sizes (-Xss)
#   Set larger code cache with -XX:ReservedCodeCacheSize=
#   JVM is running with Unscaled Compressed Oops mode in which the Java heap is
#     placed in the first 4GB address space. The Java Heap base address is the
#     maximum limit for the native heap growth. Please use -XX:HeapBaseMinAddress
#     to set the Java Heap base and to place the Java Heap above 4GB virtual address.
# This output file may be truncated or incomplete.
#
#  Out of Memory Error (./src/hotspot/share/memory/arena.cpp:81), pid=3272, tid=12276
#
# JRE version: OpenJDK Runtime Environment (11.0.10) (build 11.0.10+0-b96-7249189)
# Java VM: OpenJDK 64-Bit Server VM (11.0.10+0-b96-7249189, mixed mode, tiered, compressed oops, g1 gc, windows-amd64)
# No core dump will be written. Minidumps are not enabled by default on client versions of Windows
#

---------------  S U M M A R Y ------------

Command Line: --add-opens=java.base/java.util=ALL-UNNAMED --add-opens=java.base/java.lang=ALL-UNNAMED --add-opens=java.base/java.lang.invoke=ALL-UNNAMED --add-opens=java.base/java.util=ALL-UNNAMED --add-opens=java.prefs/java.util.prefs=ALL-UNNAMED --add-opens=java.prefs/java.util.prefs=ALL-UNNAMED --add-opens=java.base/java.nio.charset=ALL-UNNAMED --add-opens=java.base/java.net=ALL-UNNAMED --add-opens=java.base/java.util.concurrent.atomic=ALL-UNNAMED -Xmx2048m -Dfile.encoding=UTF-8 -Duser.country=US -Duser.language=en -Duser.variant org.gradle.launcher.daemon.bootstrap.GradleDaemon 7.0.2

Host: Intel(R) Core(TM) i5-9300H CPU @ 2.40GHz, 8 cores, 7G,  Windows 10 , 64 bit Build 19041 (10.0.19041.1202)
Time: Thu Oct 14 20:13:32 2021 SE Asia Standard Time elapsed time: 109.842669 seconds (0d 0h 1m 49s)

---------------  T H R E A D  ---------------

Current thread (0x000001d66f0ed800):  JavaThread "C2 CompilerThread0" daemon [_thread_in_native, id=12276, stack(0x0000006018c00000,0x0000006018d00000)]


Current CompileTask:
C2: 109842 17329   !   4       java.io.ObjectOutputStream::writeObject0 (619 bytes)

Stack: [0x0000006018c00000,0x0000006018d00000]
Native frames: (J=compiled Java code, j=interpreted, Vv=VM code, C=native code)
V  [jvm.dll+0x5ecfaa]
V  [jvm.dll+0x722bd5]
V  [jvm.dll+0x72412d]
V  [jvm.dll+0x7247e3]
V  [jvm.dll+0x242928]
V  [jvm.dll+0xbc75b]
V  [jvm.dll+0xbca0c]
V  [jvm.dll+0xbc608]
V  [jvm.dll+0x5cc470]
V  [jvm.dll+0x4f712f]
V  [jvm.dll+0x4f480a]
V  [jvm.dll+0x4f6219]
V  [jvm.dll+0x4f5f79]
V  [jvm.dll+0x4f566f]
V  [jvm.dll+0x506586]
V  [jvm.dll+0x1fccf6]
V  [jvm.dll+0x1fa77f]
V  [jvm.dll+0x18354c]
V  [jvm.dll+0x208ee7]
V  [jvm.dll+0x207731]
V  [jvm.dll+0x6eb1cf]
V  [jvm.dll+0x6e3d45]
V  [jvm.dll+0x5ebe96]
C  [ucrtbase.dll+0x21bb2]
C  [KERNEL32.DLL+0x17034]
C  [ntdll.dll+0x52651]


---------------  P R O C E S S  ---------------

Threads class SMR info:
_java_thread_list=0x000001d672566960, length=70, elements={
0x000001d653bcb800, 0x000001d66e767800, 0x000001d66e768800, 0x000001d66f0e5800,
0x000001d66f0e8000, 0x000001d66f0ea000, 0x000001d66f0ed800, 0x000001d66f0f3000,
0x000001d66e790000, 0x000001d66f246000, 0x000001d67190b800, 0x000001d671188800,
0x000001d6713a7800, 0x000001d67119a800, 0x000001d671198000, 0x000001d67119b800,
0x000001d671196800, 0x000001d671199000, 0x000001d672a69800, 0x000001d672a68800,
0x000001d672a6c000, 0x000001d672a6c800, 0x000001d672a6a800, 0x000001d6749df000,
0x000001d6749dc000, 0x000001d6749de800, 0x000001d6749e1800, 0x000001d6749dc800,
0x000001d6749e0000, 0x000001d6749dd800, 0x000001d679295800, 0x000001d679297000,
0x000001d6749e2800, 0x000001d6763a1000, 0x000001d67639b800, 0x000001d6763a0000,
0x000001d67639f800, 0x000001d67639c000, 0x000001d6763a2000, 0x000001d6763a2800,
0x000001d67639d000, 0x000001d67639e800, 0x000001d6763a5000, 0x000001d6763a4800,
0x000001d6763a6000, 0x000001d6763a8800, 0x000001d6763a9000, 0x000001d6763a7800,
0x000001d6763a6800, 0x000001d6763a3800, 0x000001d6763aa000, 0x000001d679293000,
0x000001d679294000, 0x000001d679290000, 0x000001d67928e000, 0x000001d679290800,
0x000001d679292000, 0x000001d679291800, 0x000001d679294800, 0x000001d67928f000,
0x000001d67929a800, 0x000001d67929d000, 0x000001d679298000, 0x000001d679299000,
0x000001d67929b000, 0x000001d67929c000, 0x000001d6749db000, 0x000001d6749e3800,
0x000001d6749e5800, 0x000001d6749e6800
}

Java Threads: ( => current thread )
  0x000001d653bcb800 JavaThread "main" [_thread_blocked, id=19212, stack(0x0000006018000000,0x0000006018100000)]
  0x000001d66e767800 JavaThread "Reference Handler" daemon [_thread_blocked, id=14772, stack(0x0000006018700000,0x0000006018800000)]
  0x000001d66e768800 JavaThread "Finalizer" daemon [_thread_blocked, id=9236, stack(0x0000006018800000,0x0000006018900000)]
  0x000001d66f0e5800 JavaThread "Signal Dispatcher" daemon [_thread_blocked, id=21120, stack(0x0000006018900000,0x0000006018a00000)]
  0x000001d66f0e8000 JavaThread "Attach Listener" daemon [_thread_blocked, id=15036, stack(0x0000006018a00000,0x0000006018b00000)]
  0x000001d66f0ea000 JavaThread "Service Thread" daemon [_thread_blocked, id=10652, stack(0x0000006018b00000,0x0000006018c00000)]
=>0x000001d66f0ed800 JavaThread "C2 CompilerThread0" daemon [_thread_in_native, id=12276, stack(0x0000006018c00000,0x0000006018d00000)]
  0x000001d66f0f3000 JavaThread "C1 CompilerThread0" daemon [_thread_blocked, id=6664, stack(0x0000006018d00000,0x0000006018e00000)]
  0x000001d66e790000 JavaThread "Sweeper thread" daemon [_thread_blocked, id=976, stack(0x0000006018e00000,0x0000006018f00000)]
  0x000001d66f246000 JavaThread "Common-Cleaner" daemon [_thread_blocked, id=7684, stack(0x0000006018f00000,0x0000006019000000)]
  0x000001d67190b800 JavaThread "Daemon health stats" [_thread_blocked, id=6292, stack(0x0000006019400000,0x0000006019500000)]
  0x000001d671188800 JavaThread "Incoming local TCP Connector on port 55594" [_thread_in_native, id=13760, stack(0x0000006019100000,0x0000006019200000)]
  0x000001d6713a7800 JavaThread "Daemon periodic checks" [_thread_blocked, id=16324, stack(0x0000006019500000,0x0000006019600000)]
  0x000001d67119a800 JavaThread "Cache worker for file hash cache (C:\Users\ASUS\.gradle\caches\7.0.2\fileHashes)" [_thread_blocked, id=9460, stack(0x000000601a300000,0x000000601a400000)]
  0x000001d671198000 JavaThread "File lock request listener" [_thread_in_native, id=21172, stack(0x000000601a400000,0x000000601a500000)]
  0x000001d67119b800 JavaThread "Cache worker for journal cache (C:\Users\ASUS\.gradle\caches\journal-1)" [_thread_blocked, id=4540, stack(0x000000601a600000,0x000000601a700000)]
  0x000001d671196800 JavaThread "File watcher server" daemon [_thread_in_native, id=11260, stack(0x000000601a800000,0x000000601a900000)]
  0x000001d671199000 JavaThread "File watcher consumer" daemon [_thread_blocked, id=16764, stack(0x000000601a900000,0x000000601aa00000)]
  0x000001d672a69800 JavaThread "Cache worker for execution history cache (C:\Users\ASUS\.gradle\caches\7.0.2\executionHistory)" [_thread_blocked, id=15068, stack(0x000000601ad00000,0x000000601ae00000)]
  0x000001d672a68800 JavaThread "jar transforms" [_thread_blocked, id=23356, stack(0x000000601ae00000,0x000000601af00000)]
  0x000001d672a6c000 JavaThread "jar transforms Thread 2" [_thread_blocked, id=9440, stack(0x000000601af00000,0x000000601b000000)]
  0x000001d672a6c800 JavaThread "Cache worker for file content cache (C:\Users\ASUS\.gradle\caches\7.0.2\fileContent)" [_thread_blocked, id=15984, stack(0x000000601b000000,0x000000601b100000)]
  0x000001d672a6a800 JavaThread "jar transforms Thread 3" [_thread_blocked, id=23152, stack(0x000000601b200000,0x000000601b300000)]
  0x000001d6749df000 JavaThread "jar transforms Thread 4" [_thread_blocked, id=13516, stack(0x000000601bc00000,0x000000601bd00000)]
  0x000001d6749dc000 JavaThread "jar transforms Thread 5" [_thread_blocked, id=20564, stack(0x000000601bd00000,0x000000601be00000)]
  0x000001d6749de800 JavaThread "jar transforms Thread 6" [_thread_blocked, id=18916, stack(0x000000601be00000,0x000000601bf00000)]
  0x000001d6749e1800 JavaThread "jar transforms Thread 7" [_thread_blocked, id=21508, stack(0x000000601bf00000,0x000000601c000000)]
  0x000001d6749dc800 JavaThread "jar transforms Thread 8" [_thread_blocked, id=6320, stack(0x000000601c000000,0x000000601c100000)]
  0x000001d6749e0000 JavaThread "Memory manager" [_thread_blocked, id=13156, stack(0x000000601c100000,0x000000601c200000)]
  0x000001d6749dd800 JavaThread "pool-3-thread-1" [_thread_blocked, id=4580, stack(0x000000601c300000,0x000000601c400000)]
  0x000001d679295800 JavaThread "Cache worker for Java compile cache (C:\Users\ASUS\.gradle\caches\7.0.2\javaCompile)" [_thread_blocked, id=13272, stack(0x000000601d300000,0x000000601d400000)]
  0x000001d679297000 JavaThread "ForkJoinPool.commonPool-worker-3" daemon [_thread_blocked, id=12016, stack(0x000000601dd00000,0x000000601de00000)]
  0x000001d6749e2800 JavaThread "ForkJoinPool.commonPool-worker-5" daemon [_thread_blocked, id=17740, stack(0x000000601de00000,0x000000601df00000)]
  0x000001d6763a1000 JavaThread "ForkJoinPool.commonPool-worker-9" daemon [_thread_blocked, id=16536, stack(0x000000601e000000,0x000000601e100000)]
  0x000001d67639b800 JavaThread "ForkJoinPool.commonPool-worker-11" daemon [_thread_blocked, id=21152, stack(0x000000601e100000,0x000000601e200000)]
  0x000001d6763a0000 JavaThread "ForkJoinPool.commonPool-worker-13" daemon [_thread_blocked, id=7844, stack(0x000000601e200000,0x000000601e300000)]
  0x000001d67639f800 JavaThread "ForkJoinPool.commonPool-worker-15" daemon [_thread_blocked, id=2132, stack(0x000000601e300000,0x000000601e400000)]
  0x000001d67639c000 JavaThread "Daemon Thread 2" [_thread_blocked, id=17644, stack(0x0000006017d00000,0x0000006017e00000)]
  0x000001d6763a2000 JavaThread "Handler for socket connection from /127.0.0.1:55594 to /127.0.0.1:55981" [_thread_in_native, id=12700, stack(0x0000006017e00000,0x0000006017f00000)]
  0x000001d6763a2800 JavaThread "Cancel handler" [_thread_blocked, id=13832, stack(0x0000006017f00000,0x0000006018000000)]
  0x000001d67639d000 JavaThread "Daemon worker Thread 2" [_thread_blocked, id=23576, stack(0x0000006019600000,0x0000006019700000)]
  0x000001d67639e800 JavaThread "Asynchronous log dispatcher for DefaultDaemonConnection: socket connection from /127.0.0.1:55594 to /127.0.0.1:55981" [_thread_blocked, id=15848, stack(0x0000006019700000,0x0000006019800000)]
  0x000001d6763a5000 JavaThread "Stdin handler" [_thread_blocked, id=2144, stack(0x0000006019800000,0x0000006019900000)]
  0x000001d6763a4800 JavaThread "Daemon client event forwarder" [_thread_blocked, id=21896, stack(0x0000006019900000,0x0000006019a00000)]
  0x000001d6763a6000 JavaThread "Cache worker for file hash cache (D:\FPT Polytechnic\Semester 4\Semester 4_1\Exercise Android Advanced\Assignment_MOB201\.gradle\7.0.2\fileHashes)" [_thread_blocked, id=2904, stack(0x0000006019a00000,0x0000006019b00000)]
  0x000001d6763a8800 JavaThread "C2 CompilerThread1" daemon [_thread_in_native, id=21456, stack(0x0000006019b00000,0x0000006019c00000)]
  0x000001d6763a9000 JavaThread "Cache worker for checksums cache (D:\FPT Polytechnic\Semester 4\Semester 4_1\Exercise Android Advanced\Assignment_MOB201\.gradle\checksums)" [_thread_blocked, id=22452, stack(0x0000006019c00000,0x0000006019d00000)]
  0x000001d6763a7800 JavaThread "Cache worker for cache directory md-supplier (C:\Users\ASUS\.gradle\caches\7.0.2\md-supplier)" [_thread_blocked, id=6704, stack(0x0000006019d00000,0x0000006019e00000)]
  0x000001d6763a6800 JavaThread "Cache worker for cache directory md-rule (C:\Users\ASUS\.gradle\caches\7.0.2\md-rule)" [_thread_blocked, id=17716, stack(0x000000601a700000,0x000000601a800000)]
  0x000001d6763a3800 JavaThread "Cache worker for dependencies-accessors (D:\FPT Polytechnic\Semester 4\Semester 4_1\Exercise Android Advanced\Assignment_MOB201\.gradle\7.0.2\dependencies-accessors)" [_thread_blocked, id=8584, stack(0x000000601aa00000,0x000000601ab00000)]
  0x000001d6763aa000 JavaThread "Cache worker for Build Output Cleanup Cache (D:\FPT Polytechnic\Semester 4\Semester 4_1\Exercise Android Advanced\Assignment_MOB201\.gradle\buildOutputCleanup)" [_thread_blocked, id=24192, stack(0x000000601ab00000,0x000000601ac00000)]
  0x000001d679293000 JavaThread "Build operations" [_thread_blocked, id=15756, stack(0x000000601ac00000,0x000000601ad00000)]
  0x000001d679294000 JavaThread "Build operations Thread 2" [_thread_blocked, id=11404, stack(0x000000601b100000,0x000000601b200000)]
  0x000001d679290000 JavaThread "Build operations Thread 3" [_thread_blocked, id=23192, stack(0x000000601b300000,0x000000601b400000)]
  0x000001d67928e000 JavaThread "Build operations Thread 4" [_thread_blocked, id=7432, stack(0x000000601b400000,0x000000601b500000)]
  0x000001d679290800 JavaThread "Build operations Thread 5" [_thread_blocked, id=14616, stack(0x000000601b500000,0x000000601b600000)]
  0x000001d679292000 JavaThread "Build operations Thread 6" [_thread_blocked, id=4288, stack(0x000000601b600000,0x000000601b700000)]
  0x000001d679291800 JavaThread "Build operations Thread 7" [_thread_blocked, id=4196, stack(0x000000601b700000,0x000000601b800000)]
  0x000001d679294800 JavaThread "Build operations Thread 8" [_thread_blocked, id=12820, stack(0x000000601b800000,0x000000601b900000)]
  0x000001d67928f000 JavaThread "build event listener" [_thread_blocked, id=11448, stack(0x000000601b900000,0x000000601ba00000)]
  0x000001d67929a800 JavaThread "pool-8-thread-1" [_thread_blocked, id=16200, stack(0x000000601ba00000,0x000000601bb00000)]
  0x000001d67929d000 JavaThread "build event listener" [_thread_blocked, id=18536, stack(0x000000601bb00000,0x000000601bc00000)]
  0x000001d679298000 JavaThread "Execution worker for ':'" [_thread_in_Java, id=19384, stack(0x000000601c200000,0x000000601c300000)]
  0x000001d679299000 JavaThread "Execution worker for ':' Thread 2" [_thread_blocked, id=24528, stack(0x000000601c400000,0x000000601c500000)]
  0x000001d67929b000 JavaThread "Execution worker for ':' Thread 3" [_thread_blocked, id=2596, stack(0x000000601c500000,0x000000601c600000)]
  0x000001d67929c000 JavaThread "Execution worker for ':' Thread 4" [_thread_blocked, id=18288, stack(0x000000601c600000,0x000000601c700000)]
  0x000001d6749db000 JavaThread "Execution worker for ':' Thread 5" [_thread_blocked, id=15988, stack(0x000000601c700000,0x000000601c800000)]
  0x000001d6749e3800 JavaThread "Execution worker for ':' Thread 6" [_thread_blocked, id=11212, stack(0x000000601c800000,0x000000601c900000)]
  0x000001d6749e5800 JavaThread "Execution worker for ':' Thread 7" [_thread_blocked, id=23788, stack(0x000000601c900000,0x000000601ca00000)]
  0x000001d6749e6800 JavaThread "Cache worker for execution history cache (D:\FPT Polytechnic\Semester 4\Semester 4_1\Exercise Android Advanced\Assignment_MOB201\.gradle\7.0.2\executionHistory)" [_thread_blocked, id=24476, stack(0x000000601ca00000,0x000000601cb00000)]

Other Threads:
  0x000001d66e72b800 VMThread "VM Thread" [stack: 0x0000006018600000,0x0000006018700000] [id=22184]
  0x000001d66f25f000 WatcherThread [stack: 0x0000006019000000,0x0000006019100000] [id=8572]
  0x000001d653be6800 GCTaskThread "GC Thread#0" [stack: 0x0000006018100000,0x0000006018200000] [id=4964]
  0x000001d66f768800 GCTaskThread "GC Thread#1" [stack: 0x0000006019200000,0x0000006019300000] [id=22784]
  0x000001d66fe56800 GCTaskThread "GC Thread#2" [stack: 0x0000006019300000,0x0000006019400000] [id=12104]
  0x000001d671d74800 GCTaskThread "GC Thread#3" [stack: 0x0000006019e00000,0x0000006019f00000] [id=9076]
  0x000001d67049a800 GCTaskThread "GC Thread#4" [stack: 0x0000006019f00000,0x000000601a000000] [id=6056]
  0x000001d6710ac800 GCTaskThread "GC Thread#5" [stack: 0x000000601a000000,0x000000601a100000] [id=18828]
  0x000001d6715be800 GCTaskThread "GC Thread#6" [stack: 0x000000601a100000,0x000000601a200000] [id=24560]
  0x000001d670686800 GCTaskThread "GC Thread#7" [stack: 0x000000601a200000,0x000000601a300000] [id=13264]
  0x000001d653c16000 ConcurrentGCThread "G1 Main Marker" [stack: 0x0000006018200000,0x0000006018300000] [id=18480]
  0x000001d653c17000 ConcurrentGCThread "G1 Conc#0" [stack: 0x0000006018300000,0x0000006018400000] [id=14256]
  0x000001d671b0e000 ConcurrentGCThread "G1 Conc#1" [stack: 0x000000601a500000,0x000000601a600000] [id=16752]
  0x000001d66e5b0800 ConcurrentGCThread "G1 Refine#0" [stack: 0x0000006018400000,0x0000006018500000] [id=15752]
  0x000001d66e5b1800 ConcurrentGCThread "G1 Young RemSet Sampling" [stack: 0x0000006018500000,0x0000006018600000] [id=7904]

Threads with active compile tasks:
C2 CompilerThread0 109890 17329   !   4       java.io.ObjectOutputStream::writeObject0 (619 bytes)
C2 CompilerThread1 109890 17339       4       org.gradle.internal.instantiation.generator.DependencyInjectingInstantiator::newInstance (8 bytes)

VM state:not at safepoint (normal execution)

VM Mutex/Monitor currently owned by a thread: None

Heap address: 0x0000000080000000, size: 2048 MB, Compressed Oops mode: 32-bit
Narrow klass base: 0x0000000000000000, Narrow klass shift: 3
Compressed class space size: 1073741824 Address: 0x0000000100000000

Heap:
 garbage-first heap   total 187392K, used 126535K [0x0000000080000000, 0x0000000100000000)
  region size 1024K, 18 young (18432K), 4 survivors (4096K)
 Metaspace       used 119970K, capacity 123322K, committed 123520K, reserved 1157120K
  class space    used 15208K, capacity 16427K, committed 16512K, reserved 1048576K
Heap Regions: E=young(eden), S=young(survivor), O=old, HS=humongous(starts), HC=humongous(continues), CS=collection set, F=free, A=archive, TAMS=top-at-mark-start (previous, next)
|   0|0x0000000080000000, 0x0000000080100000, 0x0000000080100000|100%| O|  |TAMS 0x0000000080100000, 0x0000000080000000| Untracked 
|   1|0x0000000080100000, 0x0000000080200000, 0x0000000080200000|100%| O|  |TAMS 0x0000000080200000, 0x0000000080100000| Untracked 
|   2|0x0000000080200000, 0x0000000080300000, 0x0000000080300000|100%| O|  |TAMS 0x0000000080300000, 0x0000000080200000| Untracked 
|   3|0x0000000080300000, 0x0000000080400000, 0x0000000080400000|100%|HS|  |TAMS 0x0000000080400000, 0x0000000080300000| Complete 
|   4|0x0000000080400000, 0x0000000080500000, 0x0000000080500000|100%|HC|  |TAMS 0x0000000080500000, 0x0000000080400000| Complete 
|   5|0x0000000080500000, 0x0000000080600000, 0x0000000080600000|100%|HC|  |TAMS 0x0000000080600000, 0x0000000080500000| Complete 
|   6|0x0000000080600000, 0x0000000080700000, 0x0000000080700000|100%| O|  |TAMS 0x0000000080700000, 0x0000000080600000| Untracked 
|   7|0x0000000080700000, 0x0000000080800000, 0x0000000080800000|100%| O|  |TAMS 0x0000000080800000, 0x0000000080700000| Untracked 
|   8|0x0000000080800000, 0x0000000080900000, 0x0000000080900000|100%| O|  |TAMS 0x0000000080900000, 0x0000000080800000| Untracked 
|   9|0x0000000080900000, 0x0000000080a00000, 0x0000000080a00000|100%| O|  |TAMS 0x0000000080a00000, 0x0000000080900000| Untracked 
|  10|0x0000000080a00000, 0x0000000080b00000, 0x0000000080b00000|100%| O|  |TAMS 0x0000000080b00000, 0x0000000080a00000| Untracked 
|  11|0x0000000080b00000, 0x0000000080c00000, 0x0000000080c00000|100%| O|  |TAMS 0x0000000080c00000, 0x0000000080b00000| Untracked 
|  12|0x0000000080c00000, 0x0000000080d00000, 0x0000000080d00000|100%| O|  |TAMS 0x0000000080d00000, 0x0000000080c00000| Untracked 
|  13|0x0000000080d00000, 0x0000000080e00000, 0x0000000080e00000|100%| O|  |TAMS 0x0000000080e00000, 0x0000000080d00000| Untracked 
|  14|0x0000000080e00000, 0x0000000080f00000, 0x0000000080f00000|100%| O|  |TAMS 0x0000000080f00000, 0x0000000080e00000| Untracked 
|  15|0x0000000080f00000, 0x0000000081000000, 0x0000000081000000|100%| O|  |TAMS 0x0000000081000000, 0x0000000080f00000| Untracked 
|  16|0x0000000081000000, 0x0000000081100000, 0x0000000081100000|100%|HS|  |TAMS 0x0000000081100000, 0x0000000081000000| Complete 
|  17|0x0000000081100000, 0x0000000081200000, 0x0000000081200000|100%| O|  |TAMS 0x0000000081200000, 0x0000000081100000| Untracked 
|  18|0x0000000081200000, 0x0000000081300000, 0x0000000081300000|100%| O|  |TAMS 0x0000000081300000, 0x0000000081200000| Untracked 
|  19|0x0000000081300000, 0x0000000081400000, 0x0000000081400000|100%| O|  |TAMS 0x0000000081400000, 0x0000000081300000| Untracked 
|  20|0x0000000081400000, 0x0000000081500000, 0x0000000081500000|100%| O|  |TAMS 0x0000000081500000, 0x0000000081400000| Untracked 
|  21|0x0000000081500000, 0x0000000081600000, 0x0000000081600000|100%| O|  |TAMS 0x0000000081600000, 0x0000000081500000| Untracked 
|  22|0x0000000081600000, 0x0000000081700000, 0x0000000081700000|100%|HS|  |TAMS 0x0000000081700000, 0x0000000081600000| Complete 
|  23|0x0000000081700000, 0x0000000081800000, 0x0000000081800000|100%|HS|  |TAMS 0x0000000081800000, 0x0000000081700000| Complete 
|  24|0x0000000081800000, 0x0000000081900000, 0x0000000081900000|100%|HC|  |TAMS 0x0000000081900000, 0x0000000081800000| Complete 
|  25|0x0000000081900000, 0x0000000081a00000, 0x0000000081a00000|100%| O|  |TAMS 0x0000000081a00000, 0x0000000081900000| Untracked 
|  26|0x0000000081a00000, 0x0000000081b00000, 0x0000000081b00000|100%| O|  |TAMS 0x0000000081b00000, 0x0000000081a00000| Untracked 
|  27|0x0000000081b00000, 0x0000000081c00000, 0x0000000081c00000|100%| O|  |TAMS 0x0000000081c00000, 0x0000000081b00000| Untracked 
|  28|0x0000000081c00000, 0x0000000081d00000, 0x0000000081d00000|100%| O|  |TAMS 0x0000000081d00000, 0x0000000081c00000| Untracked 
|  29|0x0000000081d00000, 0x0000000081e00000, 0x0000000081e00000|100%| O|  |TAMS 0x0000000081e00000, 0x0000000081d00000| Untracked 
|  30|0x0000000081e00000, 0x0000000081f00000, 0x0000000081f00000|100%| O|  |TAMS 0x0000000081f00000, 0x0000000081e00000| Untracked 
|  31|0x0000000081f00000, 0x0000000082000000, 0x0000000082000000|100%| O|  |TAMS 0x0000000082000000, 0x0000000081f00000| Untracked 
|  32|0x0000000082000000, 0x0000000082100000, 0x0000000082100000|100%| O|  |TAMS 0x0000000082100000, 0x0000000082000000| Untracked 
|  33|0x0000000082100000, 0x0000000082200000, 0x0000000082200000|100%| O|  |TAMS 0x0000000082200000, 0x0000000082100000| Untracked 
|  34|0x0000000082200000, 0x0000000082300000, 0x0000000082300000|100%| O|  |TAMS 0x0000000082300000, 0x0000000082200000| Untracked 
|  35|0x0000000082300000, 0x0000000082400000, 0x0000000082400000|100%| O|  |TAMS 0x0000000082400000, 0x0000000082300000| Untracked 
|  36|0x0000000082400000, 0x0000000082500000, 0x0000000082500000|100%| O|  |TAMS 0x0000000082500000, 0x0000000082400000| Untracked 
|  37|0x0000000082500000, 0x0000000082600000, 0x0000000082600000|100%| O|  |TAMS 0x0000000082600000, 0x0000000082500000| Untracked 
|  38|0x0000000082600000, 0x0000000082700000, 0x0000000082700000|100%| O|  |TAMS 0x0000000082700000, 0x0000000082600000| Untracked 
|  39|0x0000000082700000, 0x0000000082800000, 0x0000000082800000|100%| O|  |TAMS 0x0000000082800000, 0x0000000082700000| Untracked 
|  40|0x0000000082800000, 0x0000000082900000, 0x0000000082900000|100%| O|  |TAMS 0x0000000082900000, 0x0000000082800000| Untracked 
|  41|0x0000000082900000, 0x0000000082a00000, 0x0000000082a00000|100%| O|  |TAMS 0x0000000082a00000, 0x0000000082900000| Untracked 
|  42|0x0000000082a00000, 0x0000000082b00000, 0x0000000082b00000|100%| O|  |TAMS 0x0000000082b00000, 0x0000000082a00000| Untracked 
|  43|0x0000000082b00000, 0x0000000082c00000, 0x0000000082c00000|100%| O|  |TAMS 0x0000000082c00000, 0x0000000082b00000| Untracked 
|  44|0x0000000082c00000, 0x0000000082d00000, 0x0000000082d00000|100%| O|  |TAMS 0x0000000082d00000, 0x0000000082c00000| Untracked 
|  45|0x0000000082d00000, 0x0000000082e00000, 0x0000000082e00000|100%| O|  |TAMS 0x0000000082e00000, 0x0000000082d00000| Untracked 
|  46|0x0000000082e00000, 0x0000000082f00000, 0x0000000082f00000|100%| O|  |TAMS 0x0000000082f00000, 0x0000000082e00000| Untracked 
|  47|0x0000000082f00000, 0x0000000083000000, 0x0000000083000000|100%| O|  |TAMS 0x0000000083000000, 0x0000000082f00000| Untracked 
|  48|0x0000000083000000, 0x0000000083100000, 0x0000000083100000|100%| O|  |TAMS 0x0000000083100000, 0x0000000083000000| Untracked 
|  49|0x0000000083100000, 0x0000000083200000, 0x0000000083200000|100%| O|  |TAMS 0x0000000083200000, 0x0000000083100000| Untracked 
|  50|0x0000000083200000, 0x0000000083300000, 0x0000000083300000|100%| O|  |TAMS 0x0000000083300000, 0x0000000083200000| Untracked 
|  51|0x0000000083300000, 0x0000000083400000, 0x0000000083400000|100%| O|  |TAMS 0x0000000083400000, 0x0000000083300000| Untracked 
|  52|0x0000000083400000, 0x0000000083500000, 0x0000000083500000|100%| O|  |TAMS 0x0000000083500000, 0x0000000083400000| Untracked 
|  53|0x0000000083500000, 0x0000000083600000, 0x0000000083600000|100%| O|  |TAMS 0x0000000083600000, 0x0000000083500000| Untracked 
|  54|0x0000000083600000, 0x0000000083700000, 0x0000000083700000|100%| O|  |TAMS 0x0000000083700000, 0x0000000083600000| Untracked 
|  55|0x0000000083700000, 0x0000000083800000, 0x0000000083800000|100%| O|  |TAMS 0x0000000083800000, 0x0000000083700000| Untracked 
|  56|0x0000000083800000, 0x0000000083900000, 0x0000000083900000|100%| O|  |TAMS 0x0000000083900000, 0x0000000083800000| Untracked 
|  57|0x0000000083900000, 0x0000000083a00000, 0x0000000083a00000|100%| O|  |TAMS 0x0000000083a00000, 0x0000000083900000| Untracked 
|  58|0x0000000083a00000, 0x0000000083b00000, 0x0000000083b00000|100%| O|  |TAMS 0x0000000083b00000, 0x0000000083a00000| Untracked 
|  59|0x0000000083b00000, 0x0000000083c00000, 0x0000000083c00000|100%| O|  |TAMS 0x0000000083c00000, 0x0000000083b00000| Untracked 
|  60|0x0000000083c00000, 0x0000000083d00000, 0x0000000083d00000|100%| O|  |TAMS 0x0000000083d00000, 0x0000000083c00000| Untracked 
|  61|0x0000000083d00000, 0x0000000083e00000, 0x0000000083e00000|100%| O|  |TAMS 0x0000000083e00000, 0x0000000083d00000| Untracked 
|  62|0x0000000083e00000, 0x0000000083f00000, 0x0000000083f00000|100%| O|  |TAMS 0x0000000083f00000, 0x0000000083e00000| Untracked 
|  63|0x0000000083f00000, 0x0000000084000000, 0x0000000084000000|100%| O|  |TAMS 0x0000000084000000, 0x0000000083f00000| Untracked 
|  64|0x0000000084000000, 0x0000000084100000, 0x0000000084100000|100%| O|  |TAMS 0x0000000084100000, 0x0000000084000000| Untracked 
|  65|0x0000000084100000, 0x0000000084200000, 0x0000000084200000|100%| O|  |TAMS 0x0000000084200000, 0x0000000084100000| Untracked 
|  66|0x0000000084200000, 0x0000000084300000, 0x0000000084300000|100%| O|  |TAMS 0x0000000084300000, 0x0000000084200000| Untracked 
|  67|0x0000000084300000, 0x0000000084400000, 0x0000000084400000|100%| O|  |TAMS 0x0000000084400000, 0x0000000084300000| Untracked 
|  68|0x0000000084400000, 0x0000000084500000, 0x0000000084500000|100%| O|  |TAMS 0x0000000084500000, 0x0000000084400000| Untracked 
|  69|0x0000000084500000, 0x0000000084600000, 0x0000000084600000|100%| O|  |TAMS 0x0000000084600000, 0x0000000084500000| Untracked 
|  70|0x0000000084600000, 0x0000000084700000, 0x0000000084700000|100%| O|  |TAMS 0x0000000084700000, 0x0000000084600000| Untracked 
|  71|0x0000000084700000, 0x0000000084800000, 0x0000000084800000|100%| O|  |TAMS 0x0000000084800000, 0x0000000084700000| Untracked 
|  72|0x0000000084800000, 0x0000000084900000, 0x0000000084900000|100%| O|  |TAMS 0x0000000084900000, 0x0000000084800000| Untracked 
|  73|0x0000000084900000, 0x0000000084a00000, 0x0000000084a00000|100%| O|  |TAMS 0x0000000084a00000, 0x0000000084900000| Untracked 
|  74|0x0000000084a00000, 0x0000000084b00000, 0x0000000084b00000|100%| O|  |TAMS 0x0000000084b00000, 0x0000000084a00000| Untracked 
|  75|0x0000000084b00000, 0x0000000084c00000, 0x0000000084c00000|100%| O|  |TAMS 0x0000000084c00000, 0x0000000084b00000| Untracked 
|  76|0x0000000084c00000, 0x0000000084d00000, 0x0000000084d00000|100%| O|  |TAMS 0x0000000084d00000, 0x0000000084c00000| Untracked 
|  77|0x0000000084d00000, 0x0000000084e00000, 0x0000000084e00000|100%| O|  |TAMS 0x0000000084e00000, 0x0000000084d00000| Untracked 
|  78|0x0000000084e00000, 0x0000000084f00000, 0x0000000084f00000|100%| O|  |TAMS 0x0000000084f00000, 0x0000000084e00000| Untracked 
|  79|0x0000000084f00000, 0x0000000085000000, 0x0000000085000000|100%| O|  |TAMS 0x0000000085000000, 0x0000000084f00000| Untracked 
|  80|0x0000000085000000, 0x0000000085100000, 0x0000000085100000|100%| O|  |TAMS 0x0000000085100000, 0x0000000085000000| Untracked 
|  81|0x0000000085100000, 0x0000000085200000, 0x0000000085200000|100%| O|  |TAMS 0x0000000085200000, 0x0000000085100000| Untracked 
|  82|0x0000000085200000, 0x0000000085300000, 0x0000000085300000|100%|HS|  |TAMS 0x0000000085300000, 0x0000000085200000| Complete 
|  83|0x0000000085300000, 0x0000000085400000, 0x0000000085400000|100%|HC|  |TAMS 0x0000000085400000, 0x0000000085300000| Complete 
|  84|0x0000000085400000, 0x0000000085500000, 0x0000000085500000|100%| O|  |TAMS 0x0000000085500000, 0x0000000085400000| Untracked 
|  85|0x0000000085500000, 0x0000000085600000, 0x0000000085600000|100%| O|  |TAMS 0x0000000085600000, 0x0000000085500000| Untracked 
|  86|0x0000000085600000, 0x0000000085700000, 0x0000000085700000|100%| O|  |TAMS 0x0000000085687200, 0x0000000085600000| Untracked 
|  87|0x0000000085700000, 0x0000000085800000, 0x0000000085800000|100%| O|  |TAMS 0x0000000085700000, 0x0000000085700000| Untracked 
|  88|0x0000000085800000, 0x0000000085900000, 0x0000000085900000|100%| O|  |TAMS 0x0000000085800000, 0x0000000085800000| Untracked 
|  89|0x0000000085900000, 0x0000000085a00000, 0x0000000085a00000|100%| O|  |TAMS 0x0000000085900000, 0x0000000085900000| Untracked 
|  90|0x0000000085a00000, 0x0000000085b00000, 0x0000000085b00000|100%| O|  |TAMS 0x0000000085a00000, 0x0000000085a00000| Untracked 
|  91|0x0000000085b00000, 0x0000000085c00000, 0x0000000085c00000|100%| O|  |TAMS 0x0000000085b00000, 0x0000000085b00000| Untracked 
|  92|0x0000000085c00000, 0x0000000085d00000, 0x0000000085d00000|100%| O|  |TAMS 0x0000000085c00000, 0x0000000085c00000| Untracked 
|  93|0x0000000085d00000, 0x0000000085e00000, 0x0000000085e00000|100%| O|  |TAMS 0x0000000085d00000, 0x0000000085d00000| Untracked 
|  94|0x0000000085e00000, 0x0000000085f00000, 0x0000000085f00000|100%| O|  |TAMS 0x0000000085f00000, 0x0000000085e00000| Untracked 
|  95|0x0000000085f00000, 0x0000000086000000, 0x0000000086000000|100%| O|  |TAMS 0x0000000085f00000, 0x0000000085f00000| Untracked 
|  96|0x0000000086000000, 0x0000000086100000, 0x0000000086100000|100%| O|  |TAMS 0x0000000086000000, 0x0000000086000000| Untracked 
|  97|0x0000000086100000, 0x0000000086200000, 0x0000000086200000|100%| O|  |TAMS 0x0000000086100000, 0x0000000086100000| Untracked 
|  98|0x0000000086200000, 0x0000000086300000, 0x0000000086300000|100%| O|  |TAMS 0x0000000086200000, 0x0000000086200000| Untracked 
|  99|0x0000000086300000, 0x0000000086400000, 0x0000000086400000|100%| O|  |TAMS 0x0000000086300000, 0x0000000086300000| Untracked 
| 100|0x0000000086400000, 0x0000000086500000, 0x0000000086500000|100%| O|  |TAMS 0x0000000086400000, 0x0000000086400000| Untracked 
| 101|0x0000000086500000, 0x0000000086600000, 0x0000000086600000|100%| O|  |TAMS 0x0000000086500000, 0x0000000086500000| Untracked 
| 102|0x0000000086600000, 0x0000000086700000, 0x0000000086700000|100%| O|  |TAMS 0x0000000086600000, 0x0000000086600000| Untracked 
| 103|0x0000000086700000, 0x0000000086800000, 0x0000000086800000|100%| O|  |TAMS 0x0000000086700000, 0x0000000086700000| Untracked 
| 104|0x0000000086800000, 0x0000000086900000, 0x0000000086900000|100%| O|  |TAMS 0x0000000086800000, 0x0000000086800000| Untracked 
| 105|0x0000000086900000, 0x0000000086a00000, 0x0000000086a00000|100%| O|  |TAMS 0x0000000086900000, 0x0000000086900000| Untracked 
| 106|0x0000000086a00000, 0x0000000086b00000, 0x0000000086b00000|100%| O|  |TAMS 0x0000000086a00000, 0x0000000086a00000| Untracked 
| 107|0x0000000086b00000, 0x0000000086c00000, 0x0000000086c00000|100%| O|  |TAMS 0x0000000086b00000, 0x0000000086b00000| Untracked 
| 108|0x0000000086c00000, 0x0000000086c26600, 0x0000000086d00000| 14%| O|  |TAMS 0x0000000086c00000, 0x0000000086c00000| Untracked 
| 109|0x0000000086d00000, 0x0000000086d00000, 0x0000000086e00000|  0%| F|  |TAMS 0x0000000086d00000, 0x0000000086d00000| Untracked 
| 110|0x0000000086e00000, 0x0000000086e00000, 0x0000000086f00000|  0%| F|  |TAMS 0x0000000086e00000, 0x0000000086e00000| Untracked 
| 111|0x0000000086f00000, 0x0000000086f00000, 0x0000000087000000|  0%| F|  |TAMS 0x0000000086f00000, 0x0000000086f00000| Untracked 
| 112|0x0000000087000000, 0x0000000087000000, 0x0000000087100000|  0%| F|  |TAMS 0x0000000087000000, 0x0000000087000000| Untracked 
| 113|0x0000000087100000, 0x0000000087100000, 0x0000000087200000|  0%| F|  |TAMS 0x0000000087100000, 0x0000000087100000| Untracked 
| 114|0x0000000087200000, 0x0000000087200000, 0x0000000087300000|  0%| F|  |TAMS 0x0000000087200000, 0x0000000087200000| Untracked 
| 115|0x0000000087300000, 0x0000000087300000, 0x0000000087400000|  0%| F|  |TAMS 0x0000000087300000, 0x0000000087300000| Untracked 
| 116|0x0000000087400000, 0x0000000087400000, 0x0000000087500000|  0%| F|  |TAMS 0x0000000087400000, 0x0000000087400000| Untracked 
| 117|0x0000000087500000, 0x0000000087500000, 0x0000000087600000|  0%| F|  |TAMS 0x0000000087500000, 0x0000000087500000| Untracked 
| 118|0x0000000087600000, 0x0000000087600000, 0x0000000087700000|  0%| F|  |TAMS 0x0000000087600000, 0x0000000087600000| Untracked 
| 119|0x0000000087700000, 0x0000000087700000, 0x0000000087800000|  0%| F|  |TAMS 0x0000000087700000, 0x0000000087700000| Untracked 
| 120|0x0000000087800000, 0x0000000087800000, 0x0000000087900000|  0%| F|  |TAMS 0x0000000087800000, 0x0000000087800000| Untracked 
| 121|0x0000000087900000, 0x0000000087900000, 0x0000000087a00000|  0%| F|  |TAMS 0x0000000087900000, 0x0000000087900000| Untracked 
| 122|0x0000000087a00000, 0x0000000087a00000, 0x0000000087b00000|  0%| F|  |TAMS 0x0000000087a00000, 0x0000000087a00000| Untracked 
| 123|0x0000000087b00000, 0x0000000087b00000, 0x0000000087c00000|  0%| F|  |TAMS 0x0000000087b00000, 0x0000000087b00000| Untracked 
| 124|0x0000000087c00000, 0x0000000087c00000, 0x0000000087d00000|  0%| F|  |TAMS 0x0000000087c00000, 0x0000000087c00000| Untracked 
| 125|0x0000000087d00000, 0x0000000087d00000, 0x0000000087e00000|  0%| F|  |TAMS 0x0000000087d00000, 0x0000000087d00000| Untracked 
| 126|0x0000000087e00000, 0x0000000087e00000, 0x0000000087f00000|  0%| F|  |TAMS 0x0000000087e00000, 0x0000000087e00000| Untracked 
| 127|0x0000000087f00000, 0x0000000087f00000, 0x0000000088000000|  0%| F|  |TAMS 0x0000000087f00000, 0x0000000087f00000| Untracked 
| 128|0x0000000088000000, 0x0000000088000000, 0x0000000088100000|  0%| F|  |TAMS 0x0000000088000000, 0x0000000088000000| Untracked 
| 129|0x0000000088100000, 0x0000000088100000, 0x0000000088200000|  0%| F|  |TAMS 0x0000000088100000, 0x0000000088100000| Untracked 
| 130|0x0000000088200000, 0x0000000088200000, 0x0000000088300000|  0%| F|  |TAMS 0x0000000088200000, 0x0000000088200000| Untracked 
| 131|0x0000000088300000, 0x0000000088300000, 0x0000000088400000|  0%| F|  |TAMS 0x0000000088300000, 0x0000000088300000| Untracked 
| 132|0x0000000088400000, 0x0000000088400000, 0x0000000088500000|  0%| F|  |TAMS 0x0000000088400000, 0x0000000088400000| Untracked 
| 133|0x0000000088500000, 0x0000000088500000, 0x0000000088600000|  0%| F|  |TAMS 0x0000000088500000, 0x0000000088500000| Untracked 
| 134|0x0000000088600000, 0x0000000088600000, 0x0000000088700000|  0%| F|  |TAMS 0x0000000088600000, 0x0000000088600000| Untracked 
| 135|0x0000000088700000, 0x0000000088700000, 0x0000000088800000|  0%| F|  |TAMS 0x0000000088700000, 0x0000000088700000| Untracked 
| 136|0x0000000088800000, 0x0000000088800000, 0x0000000088900000|  0%| F|  |TAMS 0x0000000088800000, 0x0000000088800000| Untracked 
| 137|0x0000000088900000, 0x0000000088900000, 0x0000000088a00000|  0%| F|  |TAMS 0x0000000088900000, 0x0000000088900000| Untracked 
| 138|0x0000000088a00000, 0x0000000088a00000, 0x0000000088b00000|  0%| F|  |TAMS 0x0000000088a00000, 0x0000000088a00000| Untracked 
| 139|0x0000000088b00000, 0x0000000088b6b610, 0x0000000088c00000| 41%| S|CS|TAMS 0x0000000088b00000, 0x0000000088b00000| Complete 
| 140|0x0000000088c00000, 0x0000000088d00000, 0x0000000088d00000|100%| S|CS|TAMS 0x0000000088c00000, 0x0000000088c00000| Complete 
| 141|0x0000000088d00000, 0x0000000088e00000, 0x0000000088e00000|100%| S|CS|TAMS 0x0000000088d00000, 0x0000000088d00000| Complete 
| 142|0x0000000088e00000, 0x0000000088f00000, 0x0000000088f00000|100%| S|CS|TAMS 0x0000000088e00000, 0x0000000088e00000| Complete 
| 143|0x0000000088f00000, 0x0000000088f00000, 0x0000000089000000|  0%| F|  |TAMS 0x0000000088f00000, 0x0000000088f00000| Untracked 
| 144|0x0000000089000000, 0x0000000089000000, 0x0000000089100000|  0%| F|  |TAMS 0x0000000089000000, 0x0000000089000000| Untracked 
| 145|0x0000000089100000, 0x0000000089100000, 0x0000000089200000|  0%| F|  |TAMS 0x0000000089100000, 0x0000000089100000| Untracked 
| 146|0x0000000089200000, 0x0000000089200000, 0x0000000089300000|  0%| F|  |TAMS 0x0000000089200000, 0x0000000089200000| Untracked 
| 147|0x0000000089300000, 0x0000000089300000, 0x0000000089400000|  0%| F|  |TAMS 0x0000000089300000, 0x0000000089300000| Untracked 
| 148|0x0000000089400000, 0x0000000089400000, 0x0000000089500000|  0%| F|  |TAMS 0x0000000089400000, 0x0000000089400000| Untracked 
| 149|0x0000000089500000, 0x0000000089500000, 0x0000000089600000|  0%| F|  |TAMS 0x0000000089500000, 0x0000000089500000| Untracked 
| 150|0x0000000089600000, 0x0000000089600000, 0x0000000089700000|  0%| F|  |TAMS 0x0000000089600000, 0x0000000089600000| Untracked 
| 151|0x0000000089700000, 0x0000000089700000, 0x0000000089800000|  0%| F|  |TAMS 0x0000000089700000, 0x0000000089700000| Untracked 
| 152|0x0000000089800000, 0x0000000089800000, 0x0000000089900000|  0%| F|  |TAMS 0x0000000089800000, 0x0000000089800000| Untracked 
| 153|0x0000000089900000, 0x0000000089900000, 0x0000000089a00000|  0%| F|  |TAMS 0x0000000089900000, 0x0000000089900000| Untracked 
| 154|0x0000000089a00000, 0x0000000089a00000, 0x0000000089b00000|  0%| F|  |TAMS 0x0000000089a00000, 0x0000000089a00000| Untracked 
| 155|0x0000000089b00000, 0x0000000089b00000, 0x0000000089c00000|  0%| F|  |TAMS 0x0000000089b00000, 0x0000000089b00000| Untracked 
| 156|0x0000000089c00000, 0x0000000089c00000, 0x0000000089d00000|  0%| F|  |TAMS 0x0000000089c00000, 0x0000000089c00000| Untracked 
| 157|0x0000000089d00000, 0x0000000089d00000, 0x0000000089e00000|  0%| F|  |TAMS 0x0000000089d00000, 0x0000000089d00000| Untracked 
| 158|0x0000000089e00000, 0x0000000089e00000, 0x0000000089f00000|  0%| F|  |TAMS 0x0000000089e00000, 0x0000000089e00000| Untracked 
| 159|0x0000000089f00000, 0x0000000089f00000, 0x000000008a000000|  0%| F|  |TAMS 0x0000000089f00000, 0x0000000089f00000| Untracked 
| 160|0x000000008a000000, 0x000000008a000000, 0x000000008a100000|  0%| F|  |TAMS 0x000000008a000000, 0x000000008a000000| Untracked 
| 161|0x000000008a100000, 0x000000008a100000, 0x000000008a200000|  0%| F|  |TAMS 0x000000008a100000, 0x000000008a100000| Untracked 
| 162|0x000000008a200000, 0x000000008a200000, 0x000000008a300000|  0%| F|  |TAMS 0x000000008a200000, 0x000000008a200000| Untracked 
| 163|0x000000008a300000, 0x000000008a300000, 0x000000008a400000|  0%| F|  |TAMS 0x000000008a300000, 0x000000008a300000| Untracked 
| 164|0x000000008a400000, 0x000000008a400000, 0x000000008a500000|  0%| F|  |TAMS 0x000000008a400000, 0x000000008a400000| Untracked 
| 165|0x000000008a500000, 0x000000008a500000, 0x000000008a600000|  0%| F|  |TAMS 0x000000008a500000, 0x000000008a500000| Untracked 
| 166|0x000000008a600000, 0x000000008a600000, 0x000000008a700000|  0%| F|  |TAMS 0x000000008a600000, 0x000000008a600000| Untracked 
| 167|0x000000008a700000, 0x000000008a700000, 0x000000008a800000|  0%| F|  |TAMS 0x000000008a700000, 0x000000008a700000| Untracked 
| 168|0x000000008a800000, 0x000000008a800000, 0x000000008a900000|  0%| F|  |TAMS 0x000000008a800000, 0x000000008a800000| Untracked 
| 169|0x000000008a900000, 0x000000008a94f088, 0x000000008aa00000| 30%| E|  |TAMS 0x000000008a900000, 0x000000008a900000| Complete 
| 170|0x000000008aa00000, 0x000000008ab00000, 0x000000008ab00000|100%| E|CS|TAMS 0x000000008aa00000, 0x000000008aa00000| Complete 
| 171|0x000000008ab00000, 0x000000008ac00000, 0x000000008ac00000|100%| E|CS|TAMS 0x000000008ab00000, 0x000000008ab00000| Complete 
| 172|0x000000008ac00000, 0x000000008ad00000, 0x000000008ad00000|100%| E|CS|TAMS 0x000000008ac00000, 0x000000008ac00000| Complete 
| 173|0x000000008ad00000, 0x000000008ae00000, 0x000000008ae00000|100%| E|CS|TAMS 0x000000008ad00000, 0x000000008ad00000| Complete 
| 174|0x000000008ae00000, 0x000000008af00000, 0x000000008af00000|100%| E|CS|TAMS 0x000000008ae00000, 0x000000008ae00000| Complete 
| 175|0x000000008af00000, 0x000000008b000000, 0x000000008b000000|100%| E|CS|TAMS 0x000000008af00000, 0x000000008af00000| Complete 
| 176|0x000000008b000000, 0x000000008b100000, 0x000000008b100000|100%| E|  |TAMS 0x000000008b000000, 0x000000008b000000| Complete 
| 177|0x000000008b100000, 0x000000008b200000, 0x000000008b200000|100%| E|CS|TAMS 0x000000008b100000, 0x000000008b100000| Complete 
| 178|0x000000008b200000, 0x000000008b300000, 0x000000008b300000|100%| E|CS|TAMS 0x000000008b200000, 0x000000008b200000| Complete 
| 179|0x000000008b300000, 0x000000008b400000, 0x000000008b400000|100%| E|CS|TAMS 0x000000008b300000, 0x000000008b300000| Complete 
| 180|0x000000008b400000, 0x000000008b500000, 0x000000008b500000|100%| E|CS|TAMS 0x000000008b400000, 0x000000008b400000| Complete 
| 181|0x000000008b500000, 0x000000008b600000, 0x000000008b600000|100%| E|CS|TAMS 0x000000008b500000, 0x000000008b500000| Complete 
| 182|0x000000008b600000, 0x000000008b700000, 0x000000008b700000|100%| E|CS|TAMS 0x000000008b600000, 0x000000008b600000| Complete 

Card table byte_map: [0x000001d667520000,0x000001d667920000] _byte_map_base: 0x000001d667120000

Marking Bits (Prev, Next): (CMBitMap*) 0x000001d653c0cf98, (CMBitMap*) 0x000001d653c0cfd0
 Prev Bits: [0x000001d667d20000, 0x000001d669d20000)
 Next Bits: [0x000001d669d20000, 0x000001d66bd20000)

Polling page: 0x000001d652310000

Metaspace:

Usage:
  Non-class:    104.39 MB capacity,   102.31 MB ( 98%) used,     1.68 MB (  2%) free+waste,   404.88 KB ( <1%) overhead. 
      Class:     16.04 MB capacity,    14.85 MB ( 93%) used,     1.01 MB (  6%) free+waste,   184.06 KB (  1%) overhead. 
       Both:    120.43 MB capacity,   117.17 MB ( 97%) used,     2.69 MB (  2%) free+waste,   588.94 KB ( <1%) overhead. 

Virtual space:
  Non-class space:      106.00 MB reserved,     104.50 MB ( 99%) committed 
      Class space:        1.00 GB reserved,      16.13 MB (  2%) committed 
             Both:        1.10 GB reserved,     120.63 MB ( 11%) committed 

Chunk freelists:
   Non-Class:  47.00 KB
       Class:  0 bytes
        Both:  47.00 KB

MaxMetaspaceSize: 17179869184.00 GB
CompressedClassSpaceSize: 1.00 GB

CodeHeap 'non-profiled nmethods': size=120000Kb used=9258Kb max_used=9258Kb free=110741Kb
 bounds [0x000001d65f190000, 0x000001d65faa0000, 0x000001d6666c0000]
CodeHeap 'profiled nmethods': size=120000Kb used=38482Kb max_used=38482Kb free=81517Kb
 bounds [0x000001d657c60000, 0x000001d65a200000, 0x000001d65f190000]
CodeHeap 'non-nmethods': size=5760Kb used=2347Kb max_used=2384Kb free=3412Kb
 bounds [0x000001d6576c0000, 0x000001d657930000, 0x000001d657c60000]
 total_blobs=18045 nmethods=17074 adapters=881
 compilation: enabled
              stopped_count=0, restarted_count=0
 full_count=0

Compilation events (20 events):
Event: 109.815 Thread 0x000001d66f0f3000 17374       3       org.gradle.internal.resource.local.GroupedAndNamedUniqueFileStore::stripLeadingZeros (36 bytes)
Event: 109.816 Thread 0x000001d66f0f3000 nmethod 17374 0x000001d65a1d6810 code [0x000001d65a1d6aa0, 0x000001d65a1d7648]
Event: 109.816 Thread 0x000001d66f0f3000 17369       3       org.gradle.api.internal.artifacts.ivyservice.resolveengine.graph.builder.ModuleSelectors::add (69 bytes)
Event: 109.816 Thread 0x000001d66f0f3000 nmethod 17369 0x000001d65a1d7b10 code [0x000001d65a1d7d40, 0x000001d65a1d83b8]
Event: 109.816 Thread 0x000001d66f0f3000 17370   !   3       org.gradle.api.internal.artifacts.ivyservice.resolveengine.graph.builder.ModuleResolveState::appendAttributes (67 bytes)
Event: 109.817 Thread 0x000001d66f0f3000 nmethod 17370 0x000001d65a1d8590 code [0x000001d65a1d87c0, 0x000001d65a1d8f68]
Event: 109.817 Thread 0x000001d66f0f3000 17376       3       org.gradle.api.internal.artifacts.ivyservice.resolveengine.graph.builder.ComponentState::evict (8 bytes)
Event: 109.817 Thread 0x000001d66f0f3000 nmethod 17376 0x000001d65a1d9310 code [0x000001d65a1d94c0, 0x000001d65a1d9618]
Event: 109.818 Thread 0x000001d66f0f3000 17377       3       org.gradle.api.internal.artifacts.ivyservice.resolveengine.graph.conflicts.DefaultConflictHandler::registerCandidate (9 bytes)
Event: 109.818 Thread 0x000001d66f0f3000 nmethod 17377 0x000001d65a1d9690 code [0x000001d65a1d9860, 0x000001d65a1d9aa8]
Event: 109.818 Thread 0x000001d66f0f3000 17378       3       org.gradle.api.internal.artifacts.ivyservice.resolveengine.graph.conflicts.DefaultConflictHandler::registerCandidate (53 bytes)
Event: 109.819 Thread 0x000001d66f0f3000 nmethod 17378 0x000001d65a1d9b90 code [0x000001d65a1d9de0, 0x000001d65a1da528]
Event: 109.819 Thread 0x000001d66f0f3000 17379       3       org.gradle.api.internal.artifacts.dsl.ComponentModuleMetadataContainer::getReplacementFor (14 bytes)
Event: 109.819 Thread 0x000001d66f0f3000 nmethod 17379 0x000001d65a1da890 code [0x000001d65a1daa60, 0x000001d65a1dad48]
Event: 109.819 Thread 0x000001d66f0f3000 17380       3       org.gradle.api.internal.artifacts.ivyservice.resolveengine.graph.builder.ModuleResolveState::getVersions (94 bytes)
Event: 109.820 Thread 0x000001d66f0f3000 nmethod 17380 0x000001d65a1dae90 code [0x000001d65a1db180, 0x000001d65a1dc1a8]
Event: 109.820 Thread 0x000001d66f0f3000 17381       3       org.gradle.api.internal.artifacts.ivyservice.resolveengine.graph.conflicts.ConflictContainer::newElement (108 bytes)
Event: 109.821 Thread 0x000001d66f0f3000 nmethod 17381 0x000001d65a1dc710 code [0x000001d65a1dc9e0, 0x000001d65a1dd8f8]
Event: 109.821 Thread 0x000001d66f0f3000 17382       3       org.gradle.api.internal.artifacts.ivyservice.resolveengine.graph.conflicts.PotentialConflictFactory::potentialConflict (21 bytes)
Event: 109.821 Thread 0x000001d66f0f3000 nmethod 17382 0x000001d65a1ddd90 code [0x000001d65a1ddf60, 0x000001d65a1de168]

GC Heap History (20 events):
Event: 32.761 GC heap before
{Heap before GC invocations=34 (full 0):
 garbage-first heap   total 155648K, used 125468K [0x0000000080000000, 0x0000000100000000)
  region size 1024K, 35 young (35840K), 5 survivors (5120K)
 Metaspace       used 101349K, capacity 103733K, committed 104064K, reserved 1140736K
  class space    used 12752K, capacity 13604K, committed 13696K, reserved 1048576K
}
Event: 32.770 GC heap after
{Heap after GC invocations=35 (full 0):
 garbage-first heap   total 155648K, used 97532K [0x0000000080000000, 0x0000000100000000)
  region size 1024K, 3 young (3072K), 3 survivors (3072K)
 Metaspace       used 101349K, capacity 103733K, committed 104064K, reserved 1140736K
  class space    used 12752K, capacity 13604K, committed 13696K, reserved 1048576K
}
Event: 33.200 GC heap before
{Heap before GC invocations=35 (full 0):
 garbage-first heap   total 155648K, used 128252K [0x0000000080000000, 0x0000000100000000)
  region size 1024K, 32 young (32768K), 3 survivors (3072K)
 Metaspace       used 103345K, capacity 105730K, committed 105856K, reserved 1140736K
  class space    used 13016K, capacity 13873K, committed 13952K, reserved 1048576K
}
Event: 33.205 GC heap after
{Heap after GC invocations=36 (full 0):
 garbage-first heap   total 155648K, used 100445K [0x0000000080000000, 0x0000000100000000)
  region size 1024K, 3 young (3072K), 3 survivors (3072K)
 Metaspace       used 103345K, capacity 105730K, committed 105856K, reserved 1140736K
  class space    used 13016K, capacity 13873K, committed 13952K, reserved 1048576K
}
Event: 33.484 GC heap before
{Heap before GC invocations=36 (full 0):
 garbage-first heap   total 155648K, used 127069K [0x0000000080000000, 0x0000000100000000)
  region size 1024K, 30 young (30720K), 3 survivors (3072K)
 Metaspace       used 106277K, capacity 108819K, committed 108928K, reserved 1144832K
  class space    used 13461K, capacity 14404K, committed 14464K, reserved 1048576K
}
Event: 33.494 GC heap after
{Heap after GC invocations=37 (full 0):
 garbage-first heap   total 155648K, used 107584K [0x0000000080000000, 0x0000000100000000)
  region size 1024K, 4 young (4096K), 4 survivors (4096K)
 Metaspace       used 106277K, capacity 108819K, committed 108928K, reserved 1144832K
  class space    used 13461K, capacity 14404K, committed 14464K, reserved 1048576K
}
Event: 33.765 GC heap before
{Heap before GC invocations=37 (full 0):
 garbage-first heap   total 155648K, used 127040K [0x0000000080000000, 0x0000000100000000)
  region size 1024K, 24 young (24576K), 4 survivors (4096K)
 Metaspace       used 109952K, capacity 112811K, committed 113024K, reserved 1146880K
  class space    used 14095K, capacity 15187K, committed 15232K, reserved 1048576K
}
Event: 33.773 GC heap after
{Heap after GC invocations=38 (full 0):
 garbage-first heap   total 155648K, used 110572K [0x0000000080000000, 0x0000000100000000)
  region size 1024K, 3 young (3072K), 3 survivors (3072K)
 Metaspace       used 109952K, capacity 112811K, committed 113024K, reserved 1146880K
  class space    used 14095K, capacity 15187K, committed 15232K, reserved 1048576K
}
Event: 33.912 GC heap before
{Heap before GC invocations=38 (full 0):
 garbage-first heap   total 155648K, used 127980K [0x0000000080000000, 0x0000000100000000)
  region size 1024K, 21 young (21504K), 3 survivors (3072K)
 Metaspace       used 110862K, capacity 113818K, committed 113920K, reserved 1148928K
  class space    used 14222K, capacity 15306K, committed 15360K, reserved 1048576K
}
Event: 33.919 GC heap after
{Heap after GC invocations=39 (full 0):
 garbage-first heap   total 187392K, used 112249K [0x0000000080000000, 0x0000000100000000)
  region size 1024K, 2 young (2048K), 2 survivors (2048K)
 Metaspace       used 110862K, capacity 113818K, committed 113920K, reserved 1148928K
  class space    used 14222K, capacity 15306K, committed 15360K, reserved 1048576K
}
Event: 34.096 GC heap before
{Heap before GC invocations=39 (full 0):
 garbage-first heap   total 187392K, used 143993K [0x0000000080000000, 0x0000000100000000)
  region size 1024K, 33 young (33792K), 2 survivors (2048K)
 Metaspace       used 112126K, capacity 115131K, committed 115200K, reserved 1148928K
  class space    used 14443K, capacity 15595K, committed 15616K, reserved 1048576K
}
Event: 34.102 GC heap after
{Heap after GC invocations=40 (full 0):
 garbage-first heap   total 187392K, used 113107K [0x0000000080000000, 0x0000000100000000)
  region size 1024K, 3 young (3072K), 3 survivors (3072K)
 Metaspace       used 112126K, capacity 115131K, committed 115200K, reserved 1148928K
  class space    used 14443K, capacity 15595K, committed 15616K, reserved 1048576K
}
Event: 34.289 GC heap before
{Heap before GC invocations=40 (full 0):
 garbage-first heap   total 187392K, used 145875K [0x0000000080000000, 0x0000000100000000)
  region size 1024K, 37 young (37888K), 3 survivors (3072K)
 Metaspace       used 112868K, capacity 115970K, committed 116096K, reserved 1148928K
  class space    used 14520K, capacity 15698K, committed 15744K, reserved 1048576K
}
Event: 34.295 GC heap after
{Heap after GC invocations=41 (full 0):
 garbage-first heap   total 187392K, used 113206K [0x0000000080000000, 0x0000000100000000)
  region size 1024K, 3 young (3072K), 3 survivors (3072K)
 Metaspace       used 112868K, capacity 115970K, committed 116096K, reserved 1148928K
  class space    used 14520K, capacity 15698K, committed 15744K, reserved 1048576K
}
Event: 34.701 GC heap before
{Heap before GC invocations=41 (full 0):
 garbage-first heap   total 187392K, used 149046K [0x0000000080000000, 0x0000000100000000)
  region size 1024K, 37 young (37888K), 3 survivors (3072K)
 Metaspace       used 113619K, capacity 116665K, committed 116864K, reserved 1150976K
  class space    used 14545K, capacity 15702K, committed 15744K, reserved 1048576K
}
Event: 34.707 GC heap after
{Heap after GC invocations=42 (full 0):
 garbage-first heap   total 187392K, used 112433K [0x0000000080000000, 0x0000000100000000)
  region size 1024K, 2 young (2048K), 2 survivors (2048K)
 Metaspace       used 113619K, capacity 116665K, committed 116864K, reserved 1150976K
  class space    used 14545K, capacity 15702K, committed 15744K, reserved 1048576K
}
Event: 35.290 GC heap before
{Heap before GC invocations=42 (full 0):
 garbage-first heap   total 187392K, used 149297K [0x0000000080000000, 0x0000000100000000)
  region size 1024K, 38 young (38912K), 2 survivors (2048K)
 Metaspace       used 115787K, capacity 119060K, committed 119296K, reserved 1153024K
  class space    used 14874K, capacity 16104K, committed 16128K, reserved 1048576K
}
Event: 35.296 GC heap after
{Heap after GC invocations=43 (full 0):
 garbage-first heap   total 187392K, used 112630K [0x0000000080000000, 0x0000000100000000)
  region size 1024K, 2 young (2048K), 2 survivors (2048K)
 Metaspace       used 115787K, capacity 119060K, committed 119296K, reserved 1153024K
  class space    used 14874K, capacity 16104K, committed 16128K, reserved 1048576K
}
Event: 109.395 GC heap before
{Heap before GC invocations=43 (full 0):
 garbage-first heap   total 187392K, used 157686K [0x0000000080000000, 0x0000000100000000)
  region size 1024K, 40 young (40960K), 2 survivors (2048K)
 Metaspace       used 119614K, capacity 122804K, committed 123008K, reserved 1155072K
  class space    used 15202K, capacity 16415K, committed 16512K, reserved 1048576K
}
Event: 109.402 GC heap after
{Heap after GC invocations=44 (full 0):
 garbage-first heap   total 187392K, used 114247K [0x0000000080000000, 0x0000000100000000)
  region size 1024K, 4 young (4096K), 4 survivors (4096K)
 Metaspace       used 119614K, capacity 122804K, committed 123008K, reserved 1155072K
  class space    used 15202K, capacity 16415K, committed 16512K, reserved 1048576K
}

Deoptimization events (20 events):
Event: 109.557 Thread 0x000001d67639d000 DEOPT PACKING pc=0x000001d65f7f6a80 sp=0x00000060196fa0d0
Event: 109.557 Thread 0x000001d67639d000 DEOPT UNPACKING pc=0x000001d6576e78af sp=0x00000060196fa060 mode 2
Event: 109.557 Thread 0x000001d67639d000 Uncommon trap: trap_request=0xffffffbe fr.pc=0x000001d65f7f6a80 relative=0x0000000000000be0
Event: 109.557 Thread 0x000001d67639d000 Uncommon trap: reason=profile_predicate action=maybe_recompile pc=0x000001d65f7f6a80 method=com.google.common.collect.ImmutableSet.construct(I[Ljava/lang/Object;)Lcom/google/common/collect/ImmutableSet; @ 68 c2
Event: 109.557 Thread 0x000001d67639d000 DEOPT PACKING pc=0x000001d65f7f6a80 sp=0x00000060196fa0e0
Event: 109.557 Thread 0x000001d67639d000 DEOPT UNPACKING pc=0x000001d6576e78af sp=0x00000060196fa070 mode 2
Event: 109.592 Thread 0x000001d67639d000 DEOPT PACKING pc=0x000001d658ad5c3b sp=0x00000060196f8940
Event: 109.592 Thread 0x000001d67639d000 DEOPT UNPACKING pc=0x000001d6576e76ce sp=0x00000060196f7e80 mode 0
Event: 109.598 Thread 0x000001d67639d000 Uncommon trap: trap_request=0xffffffbe fr.pc=0x000001d65f7f6a80 relative=0x0000000000000be0
Event: 109.598 Thread 0x000001d67639d000 Uncommon trap: reason=profile_predicate action=maybe_recompile pc=0x000001d65f7f6a80 method=com.google.common.collect.ImmutableSet.construct(I[Ljava/lang/Object;)Lcom/google/common/collect/ImmutableSet; @ 68 c2
Event: 109.598 Thread 0x000001d67639d000 DEOPT PACKING pc=0x000001d65f7f6a80 sp=0x00000060196f6af0
Event: 109.598 Thread 0x000001d67639d000 DEOPT UNPACKING pc=0x000001d6576e78af sp=0x00000060196f6a80 mode 2
Event: 109.679 Thread 0x000001d67639d000 Uncommon trap: trap_request=0xfffffff4 fr.pc=0x000001d65fa719f4 relative=0x0000000000000ad4
Event: 109.679 Thread 0x000001d67639d000 Uncommon trap: reason=null_check action=make_not_entrant pc=0x000001d65fa719f4 method=org.gradle.tooling.internal.provider.runner.SubtreeFilteringBuildOperationListener.started(Lorg/gradle/internal/operations/BuildOperationDescriptor;Lorg/gradle/internal/
Event: 109.679 Thread 0x000001d67639d000 DEOPT PACKING pc=0x000001d65fa719f4 sp=0x00000060196f9300
Event: 109.679 Thread 0x000001d67639d000 DEOPT UNPACKING pc=0x000001d6576e78af sp=0x00000060196f92b0 mode 2
Event: 109.680 Thread 0x000001d67639d000 Uncommon trap: trap_request=0xffffff7e fr.pc=0x000001d65f7c5558 relative=0x0000000000000518
Event: 109.680 Thread 0x000001d67639d000 Uncommon trap: reason=predicate action=maybe_recompile pc=0x000001d65f7c5558 method=com.google.common.base.CharMatcher.indexIn(Ljava/lang/CharSequence;I)I @ 19 c2
Event: 109.680 Thread 0x000001d67639d000 DEOPT PACKING pc=0x000001d65f7c5558 sp=0x00000060196f9a70
Event: 109.680 Thread 0x000001d67639d000 DEOPT UNPACKING pc=0x000001d6576e78af sp=0x00000060196f9a18 mode 2

Classes redefined (0 events):
No events

Internal exceptions (20 events):
Event: 34.861 Thread 0x000001d67929d000 Exception <a 'sun/nio/fs/WindowsException'{0x000000008a7458d8}> (0x000000008a7458d8) thrown at [./src/hotspot/share/prims/jni.cpp, line 615]
Event: 34.862 Thread 0x000001d679290800 Exception <a 'sun/nio/fs/WindowsException'{0x000000008a668890}> (0x000000008a668890) thrown at [./src/hotspot/share/prims/jni.cpp, line 615]
Event: 34.864 Thread 0x000001d679299000 Exception <a 'sun/nio/fs/WindowsException'{0x000000008a6f9368}> (0x000000008a6f9368) thrown at [./src/hotspot/share/prims/jni.cpp, line 615]
Event: 34.870 Thread 0x000001d679293000 Exception <a 'sun/nio/fs/WindowsException'{0x000000008a5cc3d8}> (0x000000008a5cc3d8) thrown at [./src/hotspot/share/prims/jni.cpp, line 615]
Event: 34.870 Thread 0x000001d679298000 Exception <a 'sun/nio/fs/WindowsException'{0x000000008a517c40}> (0x000000008a517c40) thrown at [./src/hotspot/share/prims/jni.cpp, line 615]
Event: 35.110 Thread 0x000001d679291800 Exception <a 'sun/nio/fs/WindowsException'{0x000000008991a3b8}> (0x000000008991a3b8) thrown at [./src/hotspot/share/prims/jni.cpp, line 615]
Event: 35.443 Thread 0x000001d67929a800 Implicit null exception at 0x000001d65f329e6b to 0x000001d65f329e8c
Event: 35.518 Thread 0x000001d67639e800 Exception <a 'sun/nio/fs/WindowsException'{0x000000008b0b61d0}> (0x000000008b0b61d0) thrown at [./src/hotspot/share/prims/jni.cpp, line 615]
Event: 42.809 Thread 0x000001d6713a7800 Implicit null exception at 0x000001d65f57a794 to 0x000001d65f57ad88
Event: 42.810 Thread 0x000001d6713a7800 Implicit null exception at 0x000001d65f52f614 to 0x000001d65f52fbd8
Event: 109.472 Thread 0x000001d67639d000 Exception <a 'sun/nio/fs/WindowsException'{0x000000008b5e8ae8}> (0x000000008b5e8ae8) thrown at [./src/hotspot/share/prims/jni.cpp, line 615]
Event: 109.538 Thread 0x000001d67639d000 Exception <a 'java/lang/NoClassDefFoundError'{0x000000008b2bd2e8}: org/jetbrains/kotlin/gradle/plugin/KotlinBasePluginWrapper> (0x000000008b2bd2e8) thrown at [./src/hotspot/share/oops/constantPool.cpp, line 775]
Event: 109.542 Thread 0x000001d67639d000 Implicit null exception at 0x000001d65fa68ed2 to 0x000001d65fa692d8
Event: 109.616 Thread 0x000001d67639d000 Exception <a 'sun/nio/fs/WindowsException'{0x000000008af04330}> (0x000000008af04330) thrown at [./src/hotspot/share/prims/jni.cpp, line 615]
Event: 109.630 Thread 0x000001d67639d000 Exception <a 'sun/nio/fs/WindowsException'{0x000000008afa5fc8}> (0x000000008afa5fc8) thrown at [./src/hotspot/share/prims/jni.cpp, line 615]
Event: 109.630 Thread 0x000001d67639d000 Exception <a 'sun/nio/fs/WindowsException'{0x000000008afa7098}> (0x000000008afa7098) thrown at [./src/hotspot/share/prims/jni.cpp, line 615]
Event: 109.630 Thread 0x000001d67639d000 Exception <a 'sun/nio/fs/WindowsException'{0x000000008afa81b8}> (0x000000008afa81b8) thrown at [./src/hotspot/share/prims/jni.cpp, line 615]
Event: 109.630 Thread 0x000001d67639d000 Exception <a 'sun/nio/fs/WindowsException'{0x000000008afa92d8}> (0x000000008afa92d8) thrown at [./src/hotspot/share/prims/jni.cpp, line 615]
Event: 109.679 Thread 0x000001d67639d000 Implicit null exception at 0x000001d65fa71141 to 0x000001d65fa719d0
Event: 109.686 Thread 0x000001d67639d000 Exception <a 'sun/nio/fs/WindowsException'{0x000000008ac17f10}> (0x000000008ac17f10) thrown at [./src/hotspot/share/prims/jni.cpp, line 615]

Events (20 events):
Event: 109.690 Thread 0x000001d67929b000 Thread added: 0x000001d67929b000
Event: 109.690 Thread 0x000001d67929c000 Thread added: 0x000001d67929c000
Event: 109.690 Thread 0x000001d6749db000 Thread added: 0x000001d6749db000
Event: 109.691 Thread 0x000001d6749e3800 Thread added: 0x000001d6749e3800
Event: 109.691 Thread 0x000001d6749e5800 Thread added: 0x000001d6749e5800
Event: 109.692 Thread 0x000001d6749e6800 Thread added: 0x000001d6749e6800
Event: 109.702 Executing VM operation: RevokeBias
Event: 109.703 Executing VM operation: RevokeBias done
Event: 109.724 Executing VM operation: RevokeBias
Event: 109.725 Executing VM operation: RevokeBias done
Event: 109.726 Executing VM operation: RevokeBias
Event: 109.727 Executing VM operation: RevokeBias done
Event: 109.727 Executing VM operation: RevokeBias
Event: 109.728 Executing VM operation: RevokeBias done
Event: 109.735 Executing VM operation: RevokeBias
Event: 109.736 Executing VM operation: RevokeBias done
Event: 109.737 Executing VM operation: RevokeBias
Event: 109.738 Executing VM operation: RevokeBias done
Event: 109.744 Executing VM operation: RevokeBias
Event: 109.745 Executing VM operation: RevokeBias done


Dynamic libraries:
0x00007ff60b1d0000 - 0x00007ff60b1da000 	C:\Program Files\Android\Android Studio\jre\bin\java.exe
0x00007ffe1dd10000 - 0x00007ffe1df05000 	C:\WINDOWS\SYSTEM32\ntdll.dll
0x00007ffe1c530000 - 0x00007ffe1c5ee000 	C:\WINDOWS\System32\KERNEL32.DLL
0x00007ffe1b430000 - 0x00007ffe1b6f9000 	C:\WINDOWS\System32\KERNELBASE.dll
0x00007ffe1ba80000 - 0x00007ffe1bb80000 	C:\WINDOWS\System32\ucrtbase.dll
0x00007ffe18a60000 - 0x00007ffe18a79000 	C:\Program Files\Android\Android Studio\jre\bin\jli.dll
0x00007ffe14f70000 - 0x00007ffe14f87000 	C:\Program Files\Android\Android Studio\jre\bin\VCRUNTIME140.dll
0x00007ffe1c7f0000 - 0x00007ffe1c991000 	C:\WINDOWS\System32\USER32.dll
0x00007ffe1b7e0000 - 0x00007ffe1b802000 	C:\WINDOWS\System32\win32u.dll
0x00007ffe1c710000 - 0x00007ffe1c73b000 	C:\WINDOWS\System32\GDI32.dll
0x00007ffe1a7c0000 - 0x00007ffe1aa5a000 	C:\WINDOWS\WinSxS\amd64_microsoft.windows.common-controls_6595b64144ccf1df_6.0.19041.1110_none_60b5254171f9507e\COMCTL32.dll
0x00007ffe1b970000 - 0x00007ffe1ba7b000 	C:\WINDOWS\System32\gdi32full.dll
0x00007ffe1bb80000 - 0x00007ffe1bc1d000 	C:\WINDOWS\System32\msvcp_win.dll
0x00007ffe1d8f0000 - 0x00007ffe1d98e000 	C:\WINDOWS\System32\msvcrt.dll
0x00007ffe1d780000 - 0x00007ffe1d7b0000 	C:\WINDOWS\System32\IMM32.DLL
0x00007ffde7d00000 - 0x00007ffde7d9d000 	C:\Program Files\Android\Android Studio\jre\bin\msvcp140.dll
0x00007ffdcee70000 - 0x00007ffdcf93f000 	C:\Program Files\Android\Android Studio\jre\bin\server\jvm.dll
0x00007ffe1d6c0000 - 0x00007ffe1d76c000 	C:\WINDOWS\System32\ADVAPI32.dll
0x00007ffe1d390000 - 0x00007ffe1d42b000 	C:\WINDOWS\System32\sechost.dll
0x00007ffe1d430000 - 0x00007ffe1d55a000 	C:\WINDOWS\System32\RPCRT4.dll
0x00007ffe1d7b0000 - 0x00007ffe1d7b8000 	C:\WINDOWS\System32\PSAPI.DLL
0x00007ffdf6540000 - 0x00007ffdf6549000 	C:\WINDOWS\SYSTEM32\WSOCK32.dll
0x00007ffdf3c10000 - 0x00007ffdf3c37000 	C:\WINDOWS\SYSTEM32\WINMM.dll
0x00007ffe1ced0000 - 0x00007ffe1cf3b000 	C:\WINDOWS\System32\WS2_32.dll
0x00007ffe13f70000 - 0x00007ffe13f7a000 	C:\WINDOWS\SYSTEM32\VERSION.dll
0x00007ffe19660000 - 0x00007ffe19672000 	C:\WINDOWS\SYSTEM32\kernel.appcore.dll
0x00007ffe189c0000 - 0x00007ffe189d1000 	C:\Program Files\Android\Android Studio\jre\bin\verify.dll
0x00007ffe1ac30000 - 0x00007ffe1ae14000 	C:\WINDOWS\SYSTEM32\DBGHELP.DLL
0x00007ffe1ac00000 - 0x00007ffe1ac2c000 	C:\WINDOWS\SYSTEM32\dbgcore.DLL
0x00007ffe1bcd0000 - 0x00007ffe1bd53000 	C:\WINDOWS\System32\bcryptPrimitives.dll
0x00007ffe14f00000 - 0x00007ffe14f29000 	C:\Program Files\Android\Android Studio\jre\bin\java.dll
0x00007ffe18b30000 - 0x00007ffe18b3b000 	C:\Program Files\Android\Android Studio\jre\bin\jimage.dll
0x00007ffe17620000 - 0x00007ffe17638000 	C:\Program Files\Android\Android Studio\jre\bin\zip.dll
0x00007ffe1bd60000 - 0x00007ffe1c49f000 	C:\WINDOWS\System32\SHELL32.dll
0x00007ffe18ec0000 - 0x00007ffe19650000 	C:\WINDOWS\SYSTEM32\windows.storage.dll
0x00007ffe1d030000 - 0x00007ffe1d385000 	C:\WINDOWS\System32\combase.dll
0x00007ffe1a790000 - 0x00007ffe1a7bc000 	C:\WINDOWS\SYSTEM32\Wldp.dll
0x00007ffe1c9a0000 - 0x00007ffe1ca4e000 	C:\WINDOWS\System32\SHCORE.dll
0x00007ffe1dc70000 - 0x00007ffe1dcc5000 	C:\WINDOWS\System32\shlwapi.dll
0x00007ffe1b370000 - 0x00007ffe1b38f000 	C:\WINDOWS\SYSTEM32\profapi.dll
0x00007ffe14ee0000 - 0x00007ffe14efa000 	C:\Program Files\Android\Android Studio\jre\bin\net.dll
0x00007ffe06330000 - 0x00007ffe06438000 	C:\WINDOWS\SYSTEM32\WINHTTP.dll
0x00007ffe1a690000 - 0x00007ffe1a6fa000 	C:\WINDOWS\system32\mswsock.dll
0x00007ffe14ec0000 - 0x00007ffe14ed4000 	C:\Program Files\Android\Android Studio\jre\bin\nio.dll
0x00007ffe14f90000 - 0x00007ffe14fb7000 	C:\Users\ASUS\.gradle\native\8bec1ad78214c89d9ad589b4d07fe93259594b29d510b10fafb7a158f7737e5d\windows-amd64\native-platform.dll
0x00007ffdfaf90000 - 0x00007ffdfb0cd000 	C:\Users\ASUS\.gradle\native\53dbd7edfb1c66fb8903c78663c9afc45aea4f116125fa6feffd364cf09443e8\windows-amd64\native-platform-file-events.dll
0x00007ffe18990000 - 0x00007ffe1899a000 	C:\Program Files\Android\Android Studio\jre\bin\management.dll
0x00007ffe18840000 - 0x00007ffe1884c000 	C:\Program Files\Android\Android Studio\jre\bin\management_ext.dll
0x00007ffe1b1b0000 - 0x00007ffe1b1c8000 	C:\WINDOWS\SYSTEM32\CRYPTSP.dll
0x00007ffe19e90000 - 0x00007ffe19ec4000 	C:\WINDOWS\system32\rsaenh.dll
0x00007ffe1b700000 - 0x00007ffe1b727000 	C:\WINDOWS\System32\bcrypt.dll
0x00007ffe1b2f0000 - 0x00007ffe1b31e000 	C:\WINDOWS\SYSTEM32\USERENV.dll
0x00007ffe1a5d0000 - 0x00007ffe1a5dc000 	C:\WINDOWS\SYSTEM32\CRYPTBASE.dll
0x00007ffe1a610000 - 0x00007ffe1a64b000 	C:\WINDOWS\SYSTEM32\IPHLPAPI.DLL
0x00007ffe1d770000 - 0x00007ffe1d778000 	C:\WINDOWS\System32\NSI.dll
0x00007ffe12030000 - 0x00007ffe12047000 	C:\WINDOWS\SYSTEM32\dhcpcsvc6.DLL
0x00007ffe121a0000 - 0x00007ffe121bd000 	C:\WINDOWS\SYSTEM32\dhcpcsvc.DLL
0x00007ffe1a1e0000 - 0x00007ffe1a2ac000 	C:\WINDOWS\SYSTEM32\DNSAPI.dll

dbghelp: loaded successfully - version: 4.0.5 - missing functions: none
symbol engine: initialized successfully - sym options: 0x614 - pdb path: .;C:\Program Files\Android\Android Studio\jre\bin;C:\WINDOWS\SYSTEM32;C:\WINDOWS\WinSxS\amd64_microsoft.windows.common-controls_6595b64144ccf1df_6.0.19041.1110_none_60b5254171f9507e;C:\Program Files\Android\Android Studio\jre\bin\server;C:\Users\ASUS\.gradle\native\8bec1ad78214c89d9ad589b4d07fe93259594b29d510b10fafb7a158f7737e5d\windows-amd64;C:\Users\ASUS\.gradle\native\53dbd7edfb1c66fb8903c78663c9afc45aea4f116125fa6feffd364cf09443e8\windows-amd64

VM Arguments:
jvm_args: --add-opens=java.base/java.util=ALL-UNNAMED --add-opens=java.base/java.lang=ALL-UNNAMED --add-opens=java.base/java.lang.invoke=ALL-UNNAMED --add-opens=java.base/java.util=ALL-UNNAMED --add-opens=java.prefs/java.util.prefs=ALL-UNNAMED --add-opens=java.prefs/java.util.prefs=ALL-UNNAMED --add-opens=java.base/java.nio.charset=ALL-UNNAMED --add-opens=java.base/java.net=ALL-UNNAMED --add-opens=java.base/java.util.concurrent.atomic=ALL-UNNAMED -Xmx2048m -Dfile.encoding=UTF-8 -Duser.country=US -Duser.language=en -Duser.variant 
java_command: org.gradle.launcher.daemon.bootstrap.GradleDaemon 7.0.2
java_class_path (initial): C:\Users\ASUS\.gradle\wrapper\dists\gradle-7.0.2-bin\857tjihv64xamwrf0h14cai3r\gradle-7.0.2\lib\gradle-launcher-7.0.2.jar
Launcher Type: SUN_STANDARD

[Global flags]
     intx CICompilerCount                          = 4                                         {product} {ergonomic}
     uint ConcGCThreads                            = 2                                         {product} {ergonomic}
     uint G1ConcRefinementThreads                  = 8                                         {product} {ergonomic}
   size_t G1HeapRegionSize                         = 1048576                                   {product} {ergonomic}
    uintx GCDrainStackTargetSize                   = 64                                        {product} {ergonomic}
   size_t InitialHeapSize                          = 132120576                                 {product} {ergonomic}
   size_t MarkStackSize                            = 4194304                                   {product} {ergonomic}
   size_t MaxHeapSize                              = 2147483648                                {product} {command line}
   size_t MaxNewSize                               = 1287651328                                {product} {ergonomic}
   size_t MinHeapDeltaBytes                        = 1048576                                   {product} {ergonomic}
    uintx NonNMethodCodeHeapSize                   = 5836300                                {pd product} {ergonomic}
    uintx NonProfiledCodeHeapSize                  = 122910970                              {pd product} {ergonomic}
    uintx ProfiledCodeHeapSize                     = 122910970                              {pd product} {ergonomic}
    uintx ReservedCodeCacheSize                    = 251658240                              {pd product} {ergonomic}
     bool SegmentedCodeCache                       = true                                      {product} {ergonomic}
     bool UseCompressedClassPointers               = true                                 {lp64_product} {ergonomic}
     bool UseCompressedOops                        = true                                 {lp64_product} {ergonomic}
     bool UseG1GC                                  = true                                      {product} {ergonomic}
     bool UseLargePagesIndividualAllocation        = false                                  {pd product} {ergonomic}

Logging:
Log output configuration:
 #0: stdout all=warning uptime,level,tags
 #1: stderr all=off uptime,level,tags

Environment Variables:
PATH=C:\Program Files (x86)\Common Files\Oracle\Java\javapath;C:\Windows\system32;C:\Windows;C:\Windows\System32\Wbem;C:\Windows\System32\WindowsPowerShell\v1.0\;C:\Windows\System32\OpenSSH\;C:\Program Files (x86)\NVIDIA Corporation\PhysX\Common;C:\Program Files\NVIDIA Corporation\NVIDIA NvDLISR;C:\Users\ASUS\AppData\Local\Microsoft\WindowsApps;C:\adb;C:\WINDOWS\system32;C:\WINDOWS;C:\WINDOWS\System32\Wbem;C:\WINDOWS\System32\WindowsPowerShell\v1.0\;C:\WINDOWS\System32\OpenSSH\;C:\Program Files\Git\cmd;C:\Users\ASUS\AppData\Local\Microsoft\WindowsApps;
USERNAME=Dat Tran Quoc
OS=Windows_NT
PROCESSOR_IDENTIFIER=Intel64 Family 6 Model 158 Stepping 10, GenuineIntel



---------------  S Y S T E M  ---------------

OS: Windows 10 , 64 bit Build 19041 (10.0.19041.1202)
OS uptime: 23 days 4:04 hours

CPU:total 8 (initial active 8) (4 cores per cpu, 2 threads per core) family 6 model 158 stepping 10 microcode 0xca, cmov, cx8, fxsr, mmx, sse, sse2, sse3, ssse3, sse4.1, sse4.2, popcnt, avx, avx2, aes, clmul, erms, 3dnowpref, lzcnt, ht, tsc, tscinvbit, bmi1, bmi2, adx, fma

Memory: 4k page, system-wide physical 8043M (446M free)
TotalPageFile size 16043M (AvailPageFile size 0M)
current process WorkingSet (physical memory assigned to process): 467M, peak: 501M
current process commit charge ("private bytes"): 532M, peak: 536M

vm_info: OpenJDK 64-Bit Server VM (11.0.10+0-b96-7249189) for windows-amd64 JRE (11.0.10+0-b96-7249189), built on Mar 31 2021 21:44:00 by "builder" with MS VC++ 14.0 (VS2015)

END.
